
10E>date
A:DATE     COM  (User 0)
Fri 04/02/2022 10:00:00
10E>; Compile all LIBC12.LIB modules from sources
10E>c
A:C        COM  (User 0)
Hi-Tech C Compiler (CP/M-80) V3.09-12
Copyright (C) 1984-87 HI-TECH SOFTWARE
Updated from https://github.com/agn453/HI-TECH-Z80-C
c> -o -c abort.c \
c> abs.as \
c> allsh.as \
c> alrsh.as \
c> asallsh.as \
c> asalrsh.as \
c> asar.as \
c> asdiv.as \
c> asladd.as \
c> asland.as \
c> asll.as \
c> asllrsh.as \
c> aslmul.as \
c> aslor.as \
c> aslr.as \
c> aslsub.as \
c> aslxor.as \
c> asmod.as \
c> asmul.as \
c> assert.c \
c> atoi.as \
c> atol.c \
c> bdos.as \
c> bios.as \
c> bitfield.as \
c> blkclr.as \
c> blkcpy.c \
c> bmove.as \
c> brelop.as \
c> buf.c \
c> calloc.c \
c> cgets.c \
c> chmod.c \
c> cleanup.c \
c> close.c \
c> convtime.c \
c> cputs.c \
c> creat.c \
c> csv.as \
c> ctime.c \
c> ctype_.c \
c> ctype.c \
c> doprnt.c \
c> doscan.c \
c> dup.c \
c> exec.as \
c> execl.as \
c> _exit.as \
c> exit.c \
c> fakeclea.c \
c> fakecpcl.as \
c> fcbname.c \
c> fclose.c \
c> fflush.c \
c> fgetc.as \
c> filbuf.c \
c> flsbuf.c \
c> fopen.c \
c> fprintf.c \
c> fputc.as \
c> fread.c \
c> frelop.as \
c> freopen.c \
c> fscanf.c \
c> fseek.c \
c> fwrite.c \
c> getargs.c \
c> getch.c \
c> getenv.c \
c> getfcb.c \
c> gets.c \
c> getsp.as \
c> getuid.as \
c> getw.c \
c> idiv.as \
c> imul.as \
c> index.as \
c> inout.as \
c> iregset.as \
c> isalpha.as \
c> isatty.c \
c> isdigit.as
ABORT.C
ABS.AS
ALLSH.AS
ALRSH.AS
ASALLSH.AS
ASALRSH.AS
ASAR.AS
ASDIV.AS
ASLADD.AS
ASLAND.AS
ASLL.AS
ASLLRSH.AS
ASLMUL.AS
ASLOR.AS
ASLR.AS
ASLSUB.AS
ASLXOR.AS
ASMOD.AS
ASMUL.AS
ASSERT.C
ATOI.AS
ATOL.C
BDOS.AS
BIOS.AS
BITFIELD.AS
BLKCLR.AS
BLKCPY.C
BMOVE.AS
BRELOP.AS
BUF.C
CALLOC.C
CGETS.C
CHMOD.C
CLEANUP.C
CLOSE.C
CONVTIME.C
CPUTS.C
CREAT.C
CSV.AS
CTIME.C
CTYPE_.C
CTYPE.C
DOPRNT.C
DOSCAN.C
DUP.C
EXEC.AS
EXECL.AS
_EXIT.AS
EXIT.C
FAKECLEA.C
FAKECPCL.AS
FCBNAME.C
FCLOSE.C
FFLUSH.C
FGETC.AS
FILBUF.C
FLSBUF.C
FOPEN.C
FPRINTF.C
FPUTC.AS
FREAD.C
FRELOP.AS
FREOPEN.C
FSCANF.C
FSEEK.C
FWRITE.C
GETARGS.C
GETCH.C
GETENV.C
GETFCB.C
GETS.C
GETSP.AS
GETUID.AS
GETW.C
IDIV.AS
IMUL.AS
INDEX.AS
INOUT.AS
IREGSET.AS
ISALPHA.AS
ISATTY.C
ISDIGIT.AS

10E>c
A:C        COM  (User 0)
Hi-Tech C Compiler (CP/M-80) V3.09-12
Copyright (C) 1984-87 HI-TECH SOFTWARE
Updated from https://github.com/agn453/HI-TECH-Z80-C
c> -o -c islower.as \
c> isspace.as \
c> isupper.as \
c> ladd.as \
c> land.as \
c> ldiv.as \
c> linc.as \
c> llrsh.as \
c> lmul.as \
c> longjmp.as \
c> lor.as \
c> lrelop.as \
c> lsub.as \
c> lxor.as \
c> malloc.c \
c> max.as \
c> memcmp.c \
c> memcpy.c \
c> memset.c \
c> mktime.c \
c> open.c \
c> perror.c \
c> pnum.c \
c> printf.c \
c> putchar.c
ISLOWER.AS
ISSPACE.AS
ISUPPER.AS
LADD.AS
LAND.AS
LDIV.AS
LINC.AS
LLRSH.AS
LMUL.AS
LONGJMP.AS
LOR.AS
LRELOP.AS
LSUB.AS
LXOR.AS
MALLOC.C
MAX.AS
MEMCMP.C
MEMCPY.C
MEMSET.C
MKTIME.C
OPEN.C
PERROR.C
PNUM.C
PRINTF.C
PUTCHAR.C

10E>c
A:C        COM  (User 0)
Hi-Tech C Compiler (CP/M-80) V3.09-12
Copyright (C) 1984-87 HI-TECH SOFTWARE
Updated from https://github.com/agn453/HI-TECH-Z80-C
c> -o -c puts.c \
c> putw.c \
c> qsort.c \
c> rand.c \
c> rcsv.as \
c> read.c \
c> remove.c \
c> rename.c \
c> rewind.c \
c> rindex.as \
c> sbrk.as \
c> scanf.c \
c> seek.c \
c> setbuf.c \
c> setup.c \
c> shar.as \
c> shll.as \
c> shlr.as \
c> signal.c \
c> sprintf.c \
c> srand1.c \
c> srand.as \
c> sscanf.c \
c> start1.as \
c> start2.as \
c> stat.c \
c> stdclean.c \
c> strcat.as \
c> strchr.as \
c> strcmp.as \
c> strcpy.as \
c> strdup.c \
c> strftime.c \
c> stricmp.as \
c> stristr.c \
c> strlen.as \
c> strncat.as \
c> strncmp.as \
c> strncpy.as \
c> strnicmp.as \
c> strnistr.c \
c> strnstr.c \
c> strrchr.as \
c> strstr.c \
c> strtok.c \
c> swap.as \
c> sys_err.c \
c> time.c \
c> timezone.c \
c> tolower.as \
c> toupper.as \
c> ungetc.c \
c> unlink.c \
c> wrelop.as \
c> write.c \
c> xtoi.as \
c> zcrtcpm.as \
c> zdrtcpm.as \
c> znrtcpm.as \
c> zrrtcpm.as
PUTS.C
PUTW.C
QSORT.C
RAND.C
RCSV.AS
READ.C
REMOVE.C
RENAME.C
REWIND.C
RINDEX.AS
SBRK.AS
SCANF.C
SEEK.C
SETBUF.C
SETUP.C
SHAR.AS
SHLL.AS
SHLR.AS
SIGNAL.C
SPRINTF.C
SRAND1.C
SRAND.AS
SSCANF.C
START1.AS
START2.AS
STAT.C
STDCLEAN.C
STRCAT.AS
STRCHR.AS
STRCMP.AS
STRCPY.AS
STRDUP.C
STRFTIME.C
STRICMP.AS
STRISTR.C
STRLEN.AS
STRNCAT.AS
STRNCMP.AS
STRNCPY.AS
STRNICMP.AS
STRNISTR.C
STRNSTR.C
STRRCHR.AS
STRSTR.C
STRTOK.C
SWAP.AS
SYS_ERR.C
TIME.C
TIMEZONE.C
TOLOWER.AS
TOUPPER.AS
UNGETC.C
UNLINK.C
WRELOP.AS
WRITE.C
XTOI.AS
ZCRTCPM.AS
ZDRTCPM.AS
ZNRTCPM.AS
ZRRTCPM.AS

10E>; All modules compiled.
10E>put console to console
A:PUT      COM  (User 0)
