
10E>; Use librarian to place all modules in m:lib280c.lib
10E>; NB: the ordering is important for resolving dependencies at link time
10E>m:
10M>era m:lib280c.lib
10M>libr
A:LIBR     COM  (User 0)
libr> r m:lib280c.lib	\
libr> start1.obj	\
libr> getargs.obj	\
libr> assert.obj	\
libr> printf.obj	\
libr> fprintf.obj	\
libr> sprintf.obj	\
libr> doprnt.obj	\
libr> getenv.obj	\
libr> gets.obj	\
libr> puts.obj	\
libr> fwrite.obj	\
libr> getw.obj	\
libr> putw.obj	\
libr> close.obj	\
libr> putchar.obj	\
libr> perror.obj	\
libr> fputc.obj	\
libr> flsbuf.obj	\
libr> fopen.obj	\
libr> freopen.obj	\
libr> fseek.obj	\
libr> fread.obj	\
libr> rewind.obj	\
libr> remove.obj	\
libr> setbuf.obj	\
libr> fscanf.obj	\
libr> ctime.obj	\
libr> cgets.obj	\
libr> cputs.obj	\
libr> sscanf.obj	\
libr> scanf.obj	\
libr> doscan.obj	\
libr> ungetc.obj	\
libr> fgetc.obj	\
libr> filbuf.obj	\
libr> stdclean.obj	\
libr> fclose.obj	\
libr> fflush.obj	\
libr> buf.obj	\
libr> exit.obj	\
libr> open.obj	\
libr> read.obj	\
libr> write.obj	\
libr> seek.obj	\
libr> stat.obj	\
libr> chmod.obj	\
libr> fcbname.obj	\
libr> rename.obj	\
libr> creat.obj	\
libr> time.obj	\
libr> convtime.obj	\
libr> timezone.obj	\
libr> mktime.obj	\
libr> isatty.obj	\
libr> cleanup.obj	\
libr> close.obj	\
libr> unlink.obj	\
libr> dup.obj	\
libr> execl.obj	\
libr> getfcb.obj	\
libr> srand1.obj	\
libr> abort.obj	\
libr> getch.obj	\
libr> signal.obj	\
libr> getuid.obj	\
libr> bdos.obj	\
libr> bios.obj	\
libr> _exit.obj	\
libr> fakeclean.obj	\
libr> fakecpcln.obj	\
libr> sys_err.obj	\
libr> memcpy.obj	\
libr> memcmp.obj	\
libr> memset.obj	\
libr> strftime.obj	\
libr> asmod.obj	\
libr> abs.obj	\
libr> asallsh.obj	\
libr> allsh.obj	\
libr> asalrsh.obj	\
libr> asar.obj	\
libr> asdiv.obj	\
libr> asladd.obj	\
libr> asland.obj	\
libr> asll.obj	\
libr> asllrsh.obj	\
libr> aslmul.obj	\
libr> aslor.obj	\
libr> aslsub.obj	\
libr> aslxor.obj	\
libr> atoi.obj	\
libr> atol.obj	\
libr> blkclr.obj	\
libr> blkcpy.obj	\
libr> calloc.obj	\
libr> asmul.obj	\
libr> bitfield.obj	\
libr> ctype_.obj	\
libr> getsp.obj	\
libr> index.obj	\
libr> strchr.obj	\
libr> qsort.obj	\
libr> malloc.obj	\
libr> max.obj	\
libr> idiv.obj	\
libr> pnum.obj	\
libr> ldiv.obj	\
libr> swap.obj	\
libr> aslr.obj	\
libr> bmove.obj	\
libr> imul.obj	\
libr> rand.obj	\
libr> alrsh.obj	\
libr> lmul.obj	\
libr> rindex.obj	\
libr> strrchr.obj	\
libr> sbrk.obj	\
libr> shar.obj	\
libr> shll.obj	\
libr> shlr.obj	\
libr> strcat.obj	\
libr> strcmp.obj	\
libr> strcpy.obj	\
libr> strlen.obj	\
libr> strncat.obj	\
libr> strncmp.obj	\
libr> strncpy.obj	\
libr> strstr.obj	\
libr> strnstr.obj	\
libr> strdup.obj	\
libr> stricmp.obj	\
libr> stristr.obj	\
libr> strnicmp.obj	\
libr> strnistr.obj	\
libr> strtok.obj	\
libr> inout.obj	\
libr> iregset.obj	\
libr> isalpha.obj	\
libr> isdigit.obj	\
libr> islower.obj	\
libr> isspace.obj	\
libr> isupper.obj	\
libr> ladd.obj	\
libr> land.obj	\
libr> linc.obj	\
libr> llrsh.obj	\
libr> longjmp.obj	\
libr> lor.obj	\
libr> brelop.obj	\
libr> wrelop.obj	\
libr> lrelop.obj	\
libr> frelop.obj	\
libr> lsub.obj	\
libr> lxor.obj	\
libr> csv.obj	\
libr> rcsv.obj	\
libr> tolower.obj	\
libr> toupper.obj	\
libr> xtoi.obj

10M>libr s m:lib280c.lib
A:LIBR     COM  (User 0)
start1.obj      D __argc_       U __getargs     D startup       
getargs.obj     U __argc_       D __getargs     U __iob         U _bdos       
		U _bmove        U _exit         U _fprintf      U _freopen    
		U _gets         U _getuid       U _isatty       U _sbrk       
		U _setfcb       U _setuid       U _signal       U _sprintf    
		U _strchr       U _strcpy       U _strlen       U adiv        
		U cret          U csv           U indir         U ncsv        
		U shal          U wrelop        
assert.obj      D __fassert     U __iob         U _abort        U _fprintf    
		U cret          U csv           U indir         U ncsv        
printf.obj      U __doprnt      U __iob         D _printf       U cret        
		U csv           U indir         U ncsv          
fprintf.obj     U __doprnt      D _fprintf      U cret          U csv         
		U indir         U ncsv          
sprintf.obj     U __doprnt      D _sprintf      U cret          U csv         
		U indir         U ncsv          
doprnt.obj      U __ctype_      D __doprnt      U __pnum        U _atoi       
		U _fputc        U _strlen       U brelop        U cret        
		U csv           U indir         U ncsv          U wrelop      
getenv.obj      U _bdos         D _environ      U _fclose       U _fgets      
		U _fopen        D _getenv       U _memcpy       U _sbrk       
		U _strcpy       U _strlen       U _strncmp      U cret        
		U csv           U indir         U ncsv          U wrelop      
gets.obj        U __iob         U _fgetc        D _fgets        D _gets       
		U _strlen       U cret          U csv           U indir       
		U ncsv          
puts.obj        U __iob         U _fputc        D _fputs        D _puts       
		U cret          U csv           U indir         U ncsv        
fwrite.obj      U _fputc        D _fwrite       U cret          U csv         
		U indir         U ldiv          U lmul          U ncsv        
getw.obj        U _fgetc        D _getw         U cret          U csv         
		U indir         U ncsv          U shal          
putw.obj        U _fputc        D _putw         U cret          U csv         
		U indir         U ncsv          U shar          
close.obj       U __exact       U __fcb         U _bdos         D _close      
		U _getuid       U _setuid       U amul          U brelop      
		U cret          U csv           U indir         U ncsv        
putchar.obj     U __iob         U _fgetc        U _fputc        D _getchar    
		D _putchar      U cret          U csv           U indir       
		U ncsv          
perror.obj      U __iob         U _errno        U _fputc        D _perror     
		U _sys_err      U _sys_ner      U cret          U csv         
		U indir         U ncsv          U wrelop        
fputc.obj       U __flsbuf      D _fputc        
flsbuf.obj      D __flsbuf      U _write        U cret          U csv         
		U indir         U ncsv          
fopen.obj       U __iob         D _fopen        U _freopen      U cret        
		U csv           U indir         U ncsv          
freopen.obj     U __bufallo     U _close        U _creat        U _errno      
		U _fclose       D _freopen      U _fseek        U _open       
		U cret          U csv           U indir         U ncsv        
fseek.obj       U __fcb         U _fflush       U _fread        D _fseek      
		D _ftell        U _lseek        U alsub         U amul        
		U arelop        U asaladd       U cret          U csv         
		U indir         U ncsv          
fread.obj       U _fgetc        D _fread        U cret          U indir       
		U ldiv          U lmul          U ncsv          
rewind.obj      U _fseek        D _rewind       U cret          U csv         
		U indir         U ncsv          
remove.obj      D _remove       U _unlink       U cret          U csv         
		U indir         U ncsv          
setbuf.obj      U __buffree     D _setbuf       U cret          U csv         
		U indir         U ncsv          
fscanf.obj      U __doscan      D _fscanf       U cret          U csv         
		U indir         U ncsv          
ctime.obj       D _asctime      D _ctime        D _gmtime       D _localtime  
		D _monlen       U _time_zone    U adiv          U aldiv       
		U almod         U alsub         U amod          U amul        
		U asaldiv       U asldiv        U cret          U csv         
		U indir         U lmod          U ncsv          U wrelop      
cgets.obj       D _cgets        U _getche       U cret          U csv         
		U indir         U ncsv          
cputs.obj       D _cputs        U _putch        U cret          U csv         
		U indir         U ncsv          
sscanf.obj      U __doscan      D _sscanf       U _strlen       U cret        
		U indir         U ncsv          
scanf.obj       U __doscan      U __iob         D _scanf        U cret        
		U csv           U indir         U ncsv          
doscan.obj      U __ctype_      D __doscan      U _atoi         U _fgetc      
		U _tolower      U _ungetc       U cret          U csv         
		U indir         U lladd         U llmul         U ncsv        
		U wrelop        
ungetc.obj      D _ungetc       U cret          U csv           U indir       
		U ncsv          
fgetc.obj       U __filbuf      D _fgetc        
filbuf.obj      D __filbuf      U _read         U cret          U csv         
		U indir         U ncsv          U wrelop        
stdclean.obj    D __cleanup     D __iob         D __sibuf       U _fclose     
		U cret          U csv           U indir         U ncsv        
fclose.obj      U __buffree     U _close        D _fclose       U _fflush     
		U cret          U csv           U indir         U ncsv        
fflush.obj      D _fflush       U _write        U cret          U csv         
		U indir         U ncsv          
buf.obj         D __bufallo     D __buffree     U _sbrk         U cret        
		U csv           U indir         U ncsv          
exit.obj        U __cleanup     U __exit        D _exit         U cret        
		U csv           U indir         U ncsv          
open.obj        U __fcb         D __fsize       U _bdos         U _errno      
		U _getfcb       U _getuid       D _open         U _putfcb     
		U _setfcb       U _setuid       U adiv          U aland       
		U aldiv         U amul          U asalsub       U brelop      
		U cret          U csv           U indir         U ncsv        
		U shll          U wrelop        
read.obj        U __fcb         U __piped       U __putrno      U __sigchk    
		U _bdos         U _bmove        U _getuid       D _read       
		U _setuid       U aldiv         U alsub         U amul        
		U asaladd       U brelop        U cret          U indir       
		U lladd         U lrelop        U ncsv          U wrelop      
write.obj       U __fcb         U __piped       U __putrno      U __sigchk    
		U _bdos         U _bmove        U _getuid       U _setuid     
		D _write        U aldiv         U amul          U arelop      
		U asaladd       U brelop        U cret          U indir       
		U ncsv          U wrelop        
seek.obj        U __fcb         D _lseek        U aladd         U amul        
		U arelop        U brelop        U cret          U csv         
		U indir         U ncsv          
stat.obj        U _bdos         U _convtime     U _getuid       U _setfcb     
		U _setuid       D _stat         U asallsh       U asalsub     
		U cret          U indir         U lladd         U lllsh       
		U ncsv          U shal          U wrelop        
chmod.obj       U _bdos         D _chmod        U _getuid       U _setfcb     
		U _setuid       U cret          U indir         U ncsv        
fcbname.obj     U __fcb         U _bdos         D _fcbname      U _sprintf    
		U _strlen       U amul          U cret          U csv         
		U indir         U ncsv          U wrelop        
rename.obj      U _bdos         D _rename       U _setfcb       U _unlink     
		U cret          U indir         U ncsv          
creat.obj       U __fcb         U _bdos         D _creat        U _errno      
		U _getfcb       U _getuid       U _setfcb       U _setuid     
		U _unlink       U adiv          U cret          U csv         
		U indir         U ncsv          U wrelop        
time.obj        U _bdos         U _convtime     D _time         U cret        
		U indir         U ncsv          
convtime.obj    D _convtime     D _frmbcd       U asaladd       U asalmul     
		U cret          U csv           U indir         U lmul        
		U ncsv          
timezone.obj    D _time_zone    
mktime.obj      D _mktime       U _time_zone    U almul         U amod        
		U asaladd       U cret          U indir         U ncsv        
		U wrelop        
isatty.obj      U __fcb         D _isatty       U amul          U cret        
		U csv           U indir         U ncsv          
cleanup.obj     D __cpm_clean   D __fcb         D __initrsx     D __putrno    
		U _close        U alrsh         U brelop        U cret        
		U csv           U indir         U ncsv          
close.obj       U __exact       U __fcb         U _bdos         D _close      
		U _getuid       U _setuid       U amul          U brelop      
		U cret          U csv           U indir         U ncsv        
unlink.obj      U _bdos         U _errno        U _getuid       U _setfcb     
		U _setuid       D _unlink       U cret          U indir       
		U ncsv          
dup.obj         U __fcb         D _dup          U _getfcb       U adiv        
		U amul          U cret          U csv           U indir       
		U ncsv          
execl.obj       U _bmove        D _execl        D _execv        U _setfcb     
		U _strcat       U _strlen       U _strncpy      U indir       
getfcb.obj      U __ctype_      U __fcb         U _atoi         D _getfcb     
		U _getuid       D _putfcb       D _setfcb       U _toupper    
		U brelop        U cret          U csv           U indir       
		U ncsv          U wrelop        
srand1.obj      U _kbhit        U _putchar      U _srand        D _srand1     
		U cret          U csv           U indir         U ncsv        
abort.obj       D _abort        U _bdos         U _exit         U cret        
		U indir         U ncsv          
getch.obj       U _bdos         D _getch        D _getche       D _kbhit      
		D _putch        D _ungetch      U cret          U csv         
		U indir         U ncsv          
signal.obj      D __sigchk      U _bdos         U _exit         D _signal     
		U cret          U csv           U indir         U ncsv        
getuid.obj      D _getuid       D _setuid       U cret          U csv         
bdos.obj        D _bdos         U _errno        U cret          U csv         
bios.obj        D _bios         U cret          U csv           D exit22      
_exit.obj       U __cpm_clean   D __exit        
fakeclean.obj   D __cleanup     U cret          U indir         U ncsv        
fakecpcln.obj   D __cpm_clean   
sys_err.obj     D _errno        D _sys_err      D _sys_ner      
memcpy.obj      D _memcpy       U cret          U csv           U indir       
		U ncsv          
memcmp.obj      D _memcmp       U cret          U csv           U indir       
		U ncsv          
memset.obj      D _memset       U cret          U csv           U indir       
		U ncsv          
strftime.obj    D _strftime     U adiv          U amod          U asamod      
		U cret          U indir         U ncsv          U wrelop      
asmod.obj       U amod          D asamod        D aslmod        U lmod        
abs.obj         D _abs          
asallsh.obj     U allsh         D asallsh       D aslllsh       U iregstore   
allsh.obj       D allsh         D lllsh         
asalrsh.obj     U alrsh         D asalrsh       U iregstore     
asar.obj        D asar          U shar          
asdiv.obj       U adiv          D asadiv        D asldiv        U ldiv        
asladd.obj      U aladd         D asaladd       D aslladd       U iregset     
		U iregstore     
asland.obj      U aland         D asaland       D aslland       U iregset     
		U iregstore     
asll.obj        D asal          D asll          U shal          
asllrsh.obj     D asllrsh       U iregstore     U llrsh         
aslmul.obj      U almul         D asalmul       D asllmul       U iregset     
		U iregstore     
aslor.obj       U alor          D asalor        D asllor        U iregset     
		U iregstore     
aslsub.obj      U alsub         D asalsub       D asllsub       U iregset     
		U iregstore     
aslxor.obj      U alxor         D asalxor       D asllxor       U iregset     
		U iregstore     
atoi.obj        D _atoi         
atol.obj        U __ctype_      D _atol         U aladd         U almul       
		U cret          U indir         U ncsv          
blkclr.obj      D _blkclr       
blkcpy.obj      D _blkcpy       U cret          U csv           U indir       
		U ncsv          
calloc.obj      U _bmove        D _calloc       D _cfree        U _free       
		U _malloc       U asamul        U cret          U csv         
		U indir         U ncsv          
asmul.obj       U amul          D asamul        D aslmul        
bitfield.obj    D bfext         D bfins         
ctype_.obj      D __ctype_      
getsp.obj       D __getsp       
index.obj       D _index        U cret          U rcsv          
strchr.obj      D _strchr       U cret          U rcsv          
qsort.obj       U __swap        U _bmove        U _free         U _malloc     
		D _qsort        U adiv          U cret          U indir       
		U lmul          U ncsv          U wrelop        
malloc.obj      U _bmove        D _free         D _malloc       D _realloc    
		U _sbrk         U adiv          U amul          U cret        
		U csv           U indir         U ldiv          U lmul        
		U ncsv          U wrelop        
max.obj         D _max          
idiv.obj        D adiv          D amod          D ldiv          D lmod        
pnum.obj        D __pnum        U aslldiv       U brelop        U cret        
		U indir         U llmod         U ncsv          U wrelop      
ldiv.obj        D aldiv         D almod         D asaldiv       D asalmod     
		D aslldiv       D asllmod       D lldiv         D llmod       
swap.obj        D __swap        U cret          U rcsv          
aslr.obj        D aslr          U shlr          
bmove.obj       D _bmove        D _movmem       
imul.obj        D amul          D lmul          
rand.obj        D _rand         D _srand        U almul         U alrsh       
		U cret          U csv           U indir         U ncsv        
alrsh.obj       D alrsh         
lmul.obj        D almul         D llmul         
rindex.obj      D _rindex       U cret          U rcsv          
strrchr.obj     D _strrchr      U cret          U rcsv          
sbrk.obj        U __Hbss        D _brk          D _checksp      D _sbrk       
shar.obj        D shar          
shll.obj        D shal          D shll          
shlr.obj        D shlr          
strcat.obj      D _strcat       
strcmp.obj      D _strcmp       
strcpy.obj      D _strcpy       
strlen.obj      D _strlen       
strncat.obj     D _strncat      U cret          U rcsv          
strncmp.obj     D _strncmp      U cret          U rcsv          
strncpy.obj     D _strncpy      U cret          U rcsv          
strstr.obj      D _strstr       U cret          U csv           U indir       
		U ncsv          
strnstr.obj     D _strnstr      U cret          U indir         U ncsv        
strdup.obj      U _malloc       U _strcpy       D _strdup       U _strlen     
		U cret          U csv           U indir         U ncsv        
stricmp.obj     D _strcasecmp   
stristr.obj     D _strcasestr   U _toupper      U cret          U csv         
		U indir         U ncsv          
strnicmp.obj    D _strncasecmp  U cret          U rcsv          
strnistr.obj    D _strncasestr  U _toupper      U cret          U indir       
		U ncsv          
strtok.obj      D _strtok       U cret          U csv           U indir       
		U ncsv          U wrelop        
inout.obj       D _in           D _inp          D _out          D _outp       
iregset.obj     D iregset       D iregstore     
isalpha.obj     D _isalpha      
isdigit.obj     D _isdig        D _isdigit      
islower.obj     D _islower      
isspace.obj     D _isspace      
isupper.obj     D _isupper      
ladd.obj        D aladd         D lladd         
land.obj        D aland         D lland         
linc.obj        D ladec         D lainc         D lldec         D llinc       
llrsh.obj       D llrsh         
longjmp.obj     D _longjmp      D _setjmp       
lor.obj         D alor          D llor          
brelop.obj      D brelop        
wrelop.obj      D wrelop        
lrelop.obj      D arelop        D lrelop        
frelop.obj      D frelop        
lsub.obj        D alsub         D llsub         
lxor.obj        D alxor         D llxor         
csv.obj         D cret          D csv           D indir         D ncsv        
rcsv.obj        D rcsv          
tolower.obj     D _tolower      
toupper.obj     D _toupper      
xtoi.obj        D _ishex        D _xtoi         

10M>e:
10E>pip e:=m:lib280c.lib
A:PIP      COM  (User 0)

10E>; Library m:lib280c.lib created
10E>; Remember to copy it to current directory and A0:
10E>;
10E>; Now save the Z280 object files in E:LIB280C.LBR
10E>dir m:*.obj[fu,length=65535]
A:DIR      COM  (User 0)

Scanning Directory...

Sorting  Directory...

Directory For Drive M:  User 10

    Name     Bytes   Recs   Attributes   Prot      Update          Create    
------------ ------ ------ ------------ ------ --------------  --------------

ABORT    OBJ     4k      2 Dir RW       None   01/11/23 12:52  01/11/23 12:52
ABS      OBJ     4k      1 Dir RW       None   01/11/23 12:52  01/11/23 12:52
ALLSH    OBJ     4k      1 Dir RW       None   01/11/23 12:53  01/11/23 12:53
ALRSH    OBJ     4k      1 Dir RW       None   01/11/23 12:53  01/11/23 12:53
ASALLSH  OBJ     4k      2 Dir RW       None   01/11/23 12:53  01/11/23 12:53
ASALRSH  OBJ     4k      2 Dir RW       None   01/11/23 12:53  01/11/23 12:53
ASAR     OBJ     4k      1 Dir RW       None   01/11/23 12:53  01/11/23 12:53
ASDIV    OBJ     4k      2 Dir RW       None   01/11/23 12:53  01/11/23 12:53
ASLADD   OBJ     4k      2 Dir RW       None   01/11/23 12:53  01/11/23 12:53
ASLAND   OBJ     4k      2 Dir RW       None   01/11/23 12:53  01/11/23 12:53
ASLL     OBJ     4k      1 Dir RW       None   01/11/23 12:53  01/11/23 12:53
ASLLRSH  OBJ     4k      2 Dir RW       None   01/11/23 12:53  01/11/23 12:53
ASLMUL   OBJ     4k      2 Dir RW       None   01/11/23 12:53  01/11/23 12:53
ASLOR    OBJ     4k      2 Dir RW       None   01/11/23 12:53  01/11/23 12:53
ASLR     OBJ     4k      1 Dir RW       None   01/11/23 12:53  01/11/23 12:53
ASLSUB   OBJ     4k      2 Dir RW       None   01/11/23 12:53  01/11/23 12:53
ASLXOR   OBJ     4k      2 Dir RW       None   01/11/23 12:53  01/11/23 12:53
ASMOD    OBJ     4k      2 Dir RW       None   01/11/23 12:54  01/11/23 12:54
ASMUL    OBJ     4k      1 Dir RW       None   01/11/23 12:54  01/11/23 12:54
ASSERT   OBJ     4k      3 Dir RW       None   01/11/23 12:54  01/11/23 12:54
ATOI     OBJ     4k      2 Dir RW       None   01/11/23 12:54  01/11/23 12:54
ATOL     OBJ     4k      4 Dir RW       None   01/11/23 12:54  01/11/23 12:54
BDOS     OBJ     4k      4 Dir RW       None   01/11/23 12:54  01/11/23 12:54
BIOS     OBJ     4k      4 Dir RW       None   01/11/23 12:54  01/11/23 12:54
BITFIELD OBJ     4k      2 Dir RW       None   01/11/23 12:54  01/11/23 12:54
BLKCLR   OBJ     4k      1 Dir RW       None   01/11/23 12:54  01/11/23 12:54
BLKCPY   OBJ     4k      2 Dir RW       None   01/11/23 12:55  01/11/23 12:55
BMOVE    OBJ     4k      1 Dir RW       None   01/11/23 12:55  01/11/23 12:55
BRELOP   OBJ     4k      1 Dir RW       None   01/11/23 12:55  01/11/23 12:55
BUF      OBJ     4k      3 Dir RW       None   01/11/23 12:55  01/11/23 12:55
CALLOC   OBJ     4k      4 Dir RW       None   01/11/23 12:55  01/11/23 12:55
CGETS    OBJ     4k      3 Dir RW       None   01/11/23 12:55  01/11/23 12:55
CHMOD    OBJ     4k      4 Dir RW       None   01/11/23 12:55  01/11/23 12:55
CLEANUP  OBJ     4k      7 Dir RW       None   01/11/23 12:56  01/11/23 12:56
CLOSE    OBJ     4k      5 Dir RW       None   01/11/23 12:56  01/11/23 12:56
CONVTIME OBJ     4k      5 Dir RW       None   01/11/23 12:56  01/11/23 12:56
CPUTS    OBJ     4k      2 Dir RW       None   01/11/23 12:56  01/11/23 12:56
CREAT    OBJ     4k      6 Dir RW       None   01/11/23 12:57  01/11/23 12:57
CSV      OBJ     4k      2 Dir RW       None   01/11/23 12:57  01/11/23 12:57
CTIME    OBJ     4k     17 Dir RW       None   01/11/23 12:57  01/11/23 12:57
CTYPE    OBJ     4k      2 Dir RW       None   01/11/23 12:57  01/11/23 12:57
CTYPE_   OBJ     4k      2 Dir RW       None   01/11/23 12:57  01/11/23 12:57
DOPRNT   OBJ     4k     17 Dir RW       None   01/11/23 12:58  01/11/23 12:58
DOSCAN   OBJ     4k     23 Dir RW       None   01/11/23 12:59  01/11/23 12:59
DUP      OBJ     4k      3 Dir RW       None   01/11/23 12:59  01/11/23 12:59
EXEC     OBJ     4k     22 Dir RW       None   01/11/23 12:59  01/11/23 12:59
EXECL    OBJ     4k      9 Dir RW       None   01/11/23 12:59  01/11/23 12:59
EXIT     OBJ     4k      2 Dir RW       None   01/11/23 12:59  01/11/23 12:59
FAKECLEA OBJ     4k      1 Dir RW       None   01/11/23 12:59  01/11/23 12:59
FAKECPCL OBJ     4k      1 Dir RW       None   01/11/23 13:00  01/11/23 13:00
FCBNAME  OBJ     4k     12 Dir RW       None   01/11/23 13:00  01/11/23 13:00
FCLOSE   OBJ     4k      3 Dir RW       None   01/11/23 13:00  01/11/23 13:00
FFLUSH   OBJ     4k      3 Dir RW       None   01/11/23 13:00  01/11/23 13:00
FGETC    OBJ     4k      5 Dir RW       None   01/11/23 13:00  01/11/23 13:00
FILBUF   OBJ     4k      4 Dir RW       None   01/11/23 13:01  01/11/23 13:01
FLSBUF   OBJ     4k      4 Dir RW       None   01/11/23 13:01  01/11/23 13:01
FOPEN    OBJ     4k      3 Dir RW       None   01/11/23 13:01  01/11/23 13:01
FPRINTF  OBJ     4k      2 Dir RW       None   01/11/23 13:01  01/11/23 13:01
FPUTC    OBJ     4k      4 Dir RW       None   01/11/23 13:01  01/11/23 13:01
FREAD    OBJ     4k      3 Dir RW       None   01/11/23 13:01  01/11/23 13:01
FRELOP   OBJ     4k      2 Dir RW       None   01/11/23 13:02  01/11/23 13:02
FREOPEN  OBJ     4k      9 Dir RW       None   01/11/23 13:02  01/11/23 13:02
FSCANF   OBJ     4k      2 Dir RW       None   01/11/23 13:02  01/11/23 13:02
FSEEK    OBJ     4k     12 Dir RW       None   01/11/23 13:02  01/11/23 13:02
FWRITE   OBJ     4k      3 Dir RW       None   01/11/23 13:03  01/11/23 13:03
GETARGS  OBJ     8k     37 Dir RW       None   01/11/23 13:04  01/11/23 13:04
GETCH    OBJ     4k      5 Dir RW       None   01/11/23 13:04  01/11/23 13:04
GETENV   OBJ     4k     14 Dir RW       None   01/11/23 13:04  01/11/23 13:04
GETFCB   OBJ     4k     17 Dir RW       None   01/11/23 13:05  01/11/23 13:05
GETS     OBJ     4k      4 Dir RW       None   01/11/23 13:05  01/11/23 13:05
GETSP    OBJ     4k      1 Dir RW       None   01/11/23 13:05  01/11/23 13:05
GETUID   OBJ     4k      2 Dir RW       None   01/11/23 13:05  01/11/23 13:05
GETW     OBJ     4k      3 Dir RW       None   01/11/23 13:06  01/11/23 13:06
IDIV     OBJ     4k      4 Dir RW       None   01/11/23 13:06  01/11/23 13:06
IMUL     OBJ     4k      2 Dir RW       None   01/11/23 13:06  01/11/23 13:06
INDEX    OBJ     4k      2 Dir RW       None   01/11/23 13:06  01/11/23 13:06
INOUT    OBJ     4k      2 Dir RW       None   01/11/23 13:06  01/11/23 13:06
IREGSET  OBJ     4k      1 Dir RW       None   01/11/23 13:06  01/11/23 13:06
ISALPHA  OBJ     4k      2 Dir RW       None   01/11/23 13:06  01/11/23 13:06
ISATTY   OBJ     4k      3 Dir RW       None   01/11/23 13:06  01/11/23 13:06
ISDIGIT  OBJ     4k      1 Dir RW       None   01/11/23 13:06  01/11/23 13:06
ISLOWER  OBJ     4k      1 Dir RW       None   01/11/23 13:06  01/11/23 13:06
ISSPACE  OBJ     4k      1 Dir RW       None   01/11/23 13:06  01/11/23 13:06
ISUPPER  OBJ     4k      1 Dir RW       None   01/11/23 13:07  01/11/23 13:07
LADD     OBJ     4k      1 Dir RW       None   01/11/23 13:07  01/11/23 13:07
LAND     OBJ     4k      1 Dir RW       None   01/11/23 13:07  01/11/23 13:07
LDIV     OBJ     4k      7 Dir RW       None   01/11/23 13:07  01/11/23 13:07
LINC     OBJ     4k      2 Dir RW       None   01/11/23 13:07  01/11/23 13:07
LLRSH    OBJ     4k      1 Dir RW       None   01/11/23 13:07  01/11/23 13:07
LMUL     OBJ     4k      2 Dir RW       None   01/11/23 13:07  01/11/23 13:07
LONGJMP  OBJ     4k      2 Dir RW       None   01/11/23 13:07  01/11/23 13:07
LOR      OBJ     4k      1 Dir RW       None   01/11/23 13:07  01/11/23 13:07
LRELOP   OBJ     4k      2 Dir RW       None   01/11/23 13:07  01/11/23 13:07
LSUB     OBJ     4k      1 Dir RW       None   01/11/23 13:07  01/11/23 13:07
LXOR     OBJ     4k      1 Dir RW       None   01/11/23 13:07  01/11/23 13:07
MALLOC   OBJ     4k     14 Dir RW       None   01/11/23 13:08  01/11/23 13:08
MAX      OBJ     4k      1 Dir RW       None   01/11/23 13:08  01/11/23 13:08
MEMCMP   OBJ     4k      2 Dir RW       None   01/11/23 13:08  01/11/23 13:08
MEMCPY   OBJ     4k      2 Dir RW       None   01/11/23 13:08  01/11/23 13:08
MEMSET   OBJ     4k      2 Dir RW       None   01/11/23 13:08  01/11/23 13:08
MKTIME   OBJ     4k     10 Dir RW       None   01/11/23 13:09  01/11/23 13:09
OPEN     OBJ     4k     11 Dir RW       None   01/11/23 13:09  01/11/23 13:09
PERROR   OBJ     4k      5 Dir RW       None   01/11/23 13:09  01/11/23 13:09
PNUM     OBJ     4k      7 Dir RW       None   01/11/23 13:09  01/11/23 13:09
PRINTF   OBJ     4k      2 Dir RW       None   01/11/23 13:10  01/11/23 13:10
PUTCHAR  OBJ     4k      3 Dir RW       None   01/11/23 13:10  01/11/23 13:10
PUTS     OBJ     4k      3 Dir RW       None   01/11/23 13:10  01/11/23 13:10
PUTW     OBJ     4k      3 Dir RW       None   01/11/23 13:10  01/11/23 13:10
QSORT    OBJ     4k     10 Dir RW       None   01/11/23 13:11  01/11/23 13:11
RAND     OBJ     4k      3 Dir RW       None   01/11/23 13:11  01/11/23 13:11
RCSV     OBJ     4k      1 Dir RW       None   01/11/23 13:11  01/11/23 13:11
READ     OBJ     4k     15 Dir RW       None   01/11/23 13:11  01/11/23 13:11
REMOVE   OBJ     4k      2 Dir RW       None   01/11/23 13:11  01/11/23 13:11
RENAME   OBJ     4k      3 Dir RW       None   01/11/23 13:12  01/11/23 13:12
REWIND   OBJ     4k      2 Dir RW       None   01/11/23 13:12  01/11/23 13:12
RINDEX   OBJ     4k      2 Dir RW       None   01/11/23 13:12  01/11/23 13:12
SBRK     OBJ     4k      3 Dir RW       None   01/11/23 13:12  01/11/23 13:12
SCANF    OBJ     4k      2 Dir RW       None   01/11/23 13:12  01/11/23 13:12
SEEK     OBJ     4k      5 Dir RW       None   01/11/23 13:12  01/11/23 13:12
SETBUF   OBJ     4k      3 Dir RW       None   01/11/23 13:12  01/11/23 13:12
SETUP    OBJ     4k      2 Dir RW       None   01/11/23 13:13  01/11/23 13:13
SHAR     OBJ     4k      1 Dir RW       None   01/11/23 13:13  01/11/23 13:13
SHLL     OBJ     4k      1 Dir RW       None   01/11/23 13:13  01/11/23 13:13
SHLR     OBJ     4k      1 Dir RW       None   01/11/23 13:13  01/11/23 13:13
SIGNAL   OBJ     4k      4 Dir RW       None   01/11/23 13:13  01/11/23 13:13
SPRINTF  OBJ     4k      3 Dir RW       None   01/11/23 13:13  01/11/23 13:13
SRAND    OBJ     4k      1 Dir RW       None   01/11/23 13:13  01/11/23 13:13
SRAND1   OBJ     4k      3 Dir RW       None   01/11/23 13:13  01/11/23 13:13
SSCANF   OBJ     4k      2 Dir RW       None   01/11/23 13:14  01/11/23 13:14
START1   OBJ     4k      2 Dir RW       None   01/11/23 13:14  01/11/23 13:14
START2   OBJ     4k      2 Dir RW       None   01/11/23 13:14  01/11/23 13:14
STAT     OBJ     4k     10 Dir RW       None   01/11/23 13:14  01/11/23 13:14
STDCLEAN OBJ     4k      4 Dir RW       None   01/11/23 13:14  01/11/23 13:14
STRCAT   OBJ     4k      1 Dir RW       None   01/11/23 13:14  01/11/23 13:14
STRCHR   OBJ     4k      1 Dir RW       None   01/11/23 13:14  01/11/23 13:14
STRCMP   OBJ     4k      1 Dir RW       None   01/11/23 13:15  01/11/23 13:15
STRCPY   OBJ     4k      1 Dir RW       None   01/11/23 13:15  01/11/23 13:15
STRDUP   OBJ     4k      3 Dir RW       None   01/11/23 13:15  01/11/23 13:15
STRFTIME OBJ     4k     31 Dir RW       None   01/11/23 13:16  01/11/23 13:16
STRICMP  OBJ     4k      1 Dir RW       None   01/11/23 13:16  01/11/23 13:16
STRISTR  OBJ     4k      3 Dir RW       None   01/11/23 13:16  01/11/23 13:16
STRLEN   OBJ     4k      1 Dir RW       None   01/11/23 13:16  01/11/23 13:16
STRNCAT  OBJ     4k      2 Dir RW       None   01/11/23 13:16  01/11/23 13:16
STRNCMP  OBJ     4k      2 Dir RW       None   01/11/23 13:16  01/11/23 13:16
STRNCPY  OBJ     4k      2 Dir RW       None   01/11/23 13:16  01/11/23 13:16
STRNICMP OBJ     4k      3 Dir RW       None   01/11/23 13:16  01/11/23 13:16
STRNISTR OBJ     4k      4 Dir RW       None   01/11/23 13:16  01/11/23 13:16
STRNSTR  OBJ     4k      4 Dir RW       None   01/11/23 13:17  01/11/23 13:17
STRRCHR  OBJ     4k      1 Dir RW       None   01/11/23 13:17  01/11/23 13:17
STRSTR   OBJ     4k      3 Dir RW       None   01/11/23 13:17  01/11/23 13:17
STRTOK   OBJ     4k      4 Dir RW       None   01/11/23 13:17  01/11/23 13:17
SWAP     OBJ     4k      2 Dir RW       None   01/11/23 13:17  01/11/23 13:17
SYS_ERR  OBJ     4k      6 Dir RW       None   01/11/23 13:17  01/11/23 13:17
TIME     OBJ     4k      3 Dir RW       None   01/11/23 13:18  01/11/23 13:18
TIMEZONE OBJ     4k      1 Dir RW       None   01/11/23 13:18  01/11/23 13:18
TOLOWER  OBJ     4k      1 Dir RW       None   01/11/23 13:18  01/11/23 13:18
TOUPPER  OBJ     4k      1 Dir RW       None   01/11/23 13:18  01/11/23 13:18
UNGETC   OBJ     4k      3 Dir RW       None   01/11/23 13:18  01/11/23 13:18
UNLINK   OBJ     4k      4 Dir RW       None   01/11/23 13:18  01/11/23 13:18
WRELOP   OBJ     4k      1 Dir RW       None   01/11/23 13:18  01/11/23 13:18
WRITE    OBJ     4k     14 Dir RW       None   01/11/23 13:19  01/11/23 13:19
XTOI     OBJ     4k      2 Dir RW       None   01/11/23 13:19  01/11/23 13:19
ZC280CPM OBJ     4k      9 Dir RW       None   01/11/23 13:19  01/11/23 13:19
ZD280CPM OBJ     4k      3 Dir RW       None   01/11/23 13:19  01/11/23 13:19
ZN280CPM OBJ     4k     10 Dir RW       None   01/11/23 13:19  01/11/23 13:19
ZR280CPM OBJ     4k     11 Dir RW       None   01/11/23 13:19  01/11/23 13:19
_EXIT    OBJ     4k      2 Dir RW       None   01/11/23 12:59  01/11/23 12:59

Total Bytes     =    672k  Total Records =     683  Files Found =  167
Total 1k Blocks =    199   Used/Max Dir Entries For Drive M:  233/ 512

10E>era e:lib280c.lbr
10E>; Enter the number of files from above DIR command when prompted
10E>nulu e:lib280c.lbr -a m:*.obj -x
A:NULU     COM  (User 0)
^ZNULU 1.52  (07/12/87)
Copyright (C) 1984, 1985 & 1987 by Martin Murray
Bug fixes in version 1.52 by Mick Waters

TYPE -H FOR HELP


BUILDCPM.SUB | TEST    .LBR | TEST    .LOG | TEST280 .LOG | TESTOVR2.OBJ
MKTIME  .C   | LISTMODC.SUB | TESTPR  .C   | TESTENV .C   | LONGJMP .AS$
BUILD-C .LOG | MODULES .PRN | C280LIBC.LOG | TESTIO  .COM | TESTUID .COM
COMPLIBC.LOG | GETFCB  .NEW | TESTSTR .COM | TESTBIOS.COM | TESTBDOS.COM
HTC13   .LBR | TESTTRIG.COM | TESTFTIM.COM | TESTFILE.COM | TESTAES .COM
TESTRC  .COM | OPTIMH  .COM | TESTVIEW.COM | TESTWILD.COM | TESTOVR .COM
TESTOVR2.OVR | TESTOVRX.SYM | TESTOVRX.OBJ | TESTOVR1.OBJ | TESTOVR1.OVR
ABORT   .OBJ | TESTHELL.COM | TESTPR  .COM | M280LIBC.LOG | TEST    .DAT
MAKELIBC.LOG | TESTIO  .ERR | BUILD-C2.LOG | C280Z80 .COM | TEST280 .SUB
TEST-OPT.AS2 | TESTIO  .STA | TESTVER .COM | PATCH17 .LBR | EXECL   .AS2
EXECL   .OBJ | TESTOPTH.AS  | TESTOPTH.OBJ | TESTOPTH.AS2 | BUILD-C2.SUB
C309    .OBJ | C309-17 .COM | TESTHELL.C   | C-JS    .C   | C280-17 .COM
ENVIRON .^[a^B^[A ^[N   | _EXIT   .AS  | ABORT   .C   | TEST-OPT.BAK | BDOS    .AS 
BIOS    .AS  | SYMTOAS .C   | BUILDOVR.SUB | COMPLIBC.SUB | TESTVER .C  
SYS_ERR .C   | ABS     .OBJ | CHMOD   .C   | ALLSH   .OBJ | CLOSE-O .C  
ALRSH   .OBJ | CONVTIME.C   | CREAT   .C   | CSV-CPM .AS  | ASALLSH .OBJ
DECODE  .C   | ASALRSH .OBJ | OVREADME.TXT | OVRBGN  .AS  | OVRLOAD .C  
DEHUFF  .C   | DEHUFF  .COM | ENCODE  .C   | ENHUFF  .C   | ENHUFF  .COM
HUFF    .H   | DUP     .C   | WRITE   .C   | EXEC    .AS  | EXECL   .AS 
EXIT    .AS  | ASAR    .OBJ | FAKECLEA.AS  | FAKECPCL.AS  | ASDIV   .OBJ
ASLADD  .OBJ | GETCH   .C   | LIBOVR  .SUB | ASLAND  .OBJ | LIBOVR  .LIB
GETUID  .AS  | ASLL    .OBJ | ISATTY  .C   | MAKEFILE.CPM | ZC280CPM.AS 
OPEN    .C   | READ    .C   | DOPRNT  .C   | RENAME  .C   | MAKEFILE.COD
ASLLRSH .OBJ | SEEK    .C   | ASLMUL  .OBJ | SRAND   .AS  | SRAND1  .C  
START1  .AS  | START2  .AS  | ASLOR   .OBJ | ASLR    .OBJ | TIME    .C  
TIMEZONE.C   | UNLINK  .C   | SYMTOAS .COM | ASLSUB  .OBJ | ASLXOR  .OBJ
ASMOD   .OBJ | ABS     .AS  | TESTAES .C   | TESTARGS.C   | ALLSH   .AS 
ALRSH   .AS  | TESTBDOS.C   | ASALLSH .AS  | ASALRSH .AS  | ASAR    .AS 
ASDIV   .AS  | ASLADD  .AS  | ASLAND  .AS  | ASLL    .AS  | TESTBIOS.C  
ASMUL   .OBJ | ASSERT  .OBJ | ATOI    .OBJ | ATOL    .OBJ | BDOS    .OBJ
TESTFILE.C   | BIOS    .OBJ | BITFIELD.OBJ | BLKCLR  .OBJ | TESTFSIZ.C  
TESTFTIM.C   | BLKCPY  .OBJ | BMOVE   .OBJ | TESTIO  .C   | ASLLRSH .AS 
ASLMUL  .AS  | TESTOVR .C   | TESTOVR1.C   | BRELOP  .OBJ | BUF     .OBJ
CALLOC  .OBJ | CGETS   .OBJ | CHMOD   .OBJ | CLEANUP .OBJ | CLOSE   .OBJ
CONVTIME.OBJ | CPUTS   .OBJ | CREAT   .OBJ | CSV     .OBJ | TESTOVR2.C  
CTIME   .OBJ | CTYPE_  .OBJ | CTYPE   .OBJ | DOPRNT  .OBJ | DOSCAN  .OBJ
DUP     .OBJ | EXEC    .OBJ | _EXIT   .OBJ | EXIT    .OBJ | FAKECLEA.OBJ
FAKECPCL.OBJ | FCBNAME .OBJ | FCLOSE  .OBJ | FFLUSH  .OBJ | FGETC   .OBJ
FILBUF  .OBJ | FLSBUF  .OBJ | FOPEN   .OBJ | FPRINTF .OBJ | FPUTC   .OBJ
FREAD   .OBJ | FRELOP  .OBJ | FREOPEN .OBJ | FSCANF  .OBJ | FSEEK   .OBJ
FWRITE  .OBJ | GETARGS .OBJ | GETCH   .OBJ | GETENV  .OBJ | GETFCB  .OBJ
GETS    .OBJ | GETSP   .OBJ | GETUID  .OBJ | GETW    .OBJ | IDIV    .OBJ
IMUL    .OBJ | INDEX   .OBJ | INOUT   .OBJ | ASLOR   .AS  | TESTPWD .C  
ASLR    .AS  | TESTRC  .C   | ASLSUB  .AS  | TESTREL .C   | ASLXOR  .AS 
ASMOD   .AS  | ASMUL   .AS  | TESTSTR .C   | ATOI    .AS  | ATOL    .C  
BITFIELD.AS  | BLKCLR  .AS  | BLKCPY  .C   | BMOVE   .AS  | BRELOP  .AS 
BUILDGEN.SUB | CALLOC  .C   | CTYPE   .C   | CTYPE_  .C   | FRELOP  .AS 
GETSP   .AS  | IDIV    .AS  | IMUL    .AS  | INDEX   .AS  | INOUT   .AS 
IREGSET .AS  | ISALPHA .AS  | ISDIGIT .AS  | ISLOWER .AS  | ISSPACE .AS 
ISUPPER .AS  | LADD    .AS  | LAND    .AS  | LDIV    .AS  | LINC    .AS 
LLRSH   .AS  | LMUL    .AS  | LONGJMP .AS  | LOR     .AS  | LRELOP  .AS 
LSUB    .AS  | LXOR    .AS  | MAKEFILE.GEN | MALLOC  .C   | MAX     .AS 
MEMCMP  .C   | MEMCPY  .C   | MEMSET  .C   | PNUM    .C   | QSORT   .C  
RAND    .C   | RCSV    .AS  | TESTSUB .C   | RINDEX  .AS  | SBRK    .AS 
SHAR    .AS  | SHLL    .AS  | SHLR    .AS  | STRCAT  .AS  | TESTSUB .SUB
STRCHR  .AS  | STRCMP  .AS  | TESTTRIG.C   | STRCPY  .AS  | STRLEN  .AS 
STRNCAT .AS  | STRNCMP .AS  | STRNCPY .AS  | STRRCHR .AS  | SWAP    .AS 
TOLOWER .AS  | TOUPPER .AS  | WRELOP  .AS  | XTOI    .AS  | CSV     .AS 
ASSERT  .C   | BUF     .C   | BUILDSTD.SUB | CGETS   .C   | CPUTS   .C  
CTIME   .C   | TESTUID .C   | DOSCAN  .C   | EXIT    .C   | FAKECLEA.C  
FCLOSE  .C   | FFLUSH  .C   | FGETC   .AS  | FILBUF  .C   | FLSBUF  .C  
FOPEN   .C   | FPRINTF .C   | FPUTC   .AS  | FREAD   .C   | FREOPEN .C  
FSCANF  .C   | FSEEK   .C   | FWRITE  .C   | MAKEFILE.STD | PERROR  .C  
PRINTF  .C   | PUTCHAR .C   | PUTS    .C   | PUTW    .C   | C309-17 .C  
REMOVE  .C   | REWIND  .C   | SCANF   .C   | SETBUF  .C   | SETUP   .C  
SPRINTF .C   | SSCANF  .C   | STDCLEAN.C   | TESTVIEW.C   | STDIO   .I  
UNGETC  .C   | GETARGS .C   | IREGSET .OBJ | ZXCCCPM .AS  | GETW    .C  
FILESIZE.C   | TESTWILD.C   | ISALPHA .OBJ | MISC    .C   | ISATTY  .OBJ
ISDIGIT .OBJ | ISLOWER .OBJ | ISSPACE .OBJ | ISUPPER .OBJ | LADD    .OBJ
LAND    .OBJ | LDIV    .OBJ | LINC    .OBJ | STAT    .C   | @LIBC309.-17
LLRSH   .OBJ | LMUL    .OBJ | LONGJMP .OBJ | RELIBCPM.SUB | RELIBGEN.SUB
LOR     .OBJ | GETS    .C   | ZR280CPM.AS  | RELIBSTD.SUB | LRELOP  .OBJ
LSUB    .OBJ | LXOR    .OBJ | MALLOC  .OBJ | MAX     .OBJ | MEMCMP  .OBJ
MEMCPY  .OBJ | MEMSET  .OBJ | MKTIME  .OBJ | OPEN    .OBJ | PERROR  .OBJ
PNUM    .OBJ | PRINTF  .OBJ | PUTCHAR .OBJ | PUTS    .OBJ | PUTW    .OBJ
QSORT   .OBJ | LIB280OV.LIB | RAND    .OBJ | RCSV    .OBJ | READ    .OBJ
REMOVE  .OBJ | RENAME  .OBJ | REWIND  .OBJ | RINDEX  .OBJ | SBRK    .OBJ
SCANF   .OBJ | SEEK    .OBJ | SETBUF  .OBJ | SETUP   .OBJ | SHAR    .OBJ
SHLL    .OBJ | SHLR    .OBJ | SIGNAL  .OBJ | SPRINTF .OBJ | SRAND1  .OBJ
SRAND   .OBJ | SSCANF  .OBJ | START1  .OBJ | START2  .OBJ | STAT    .OBJ
ZN280CPM.AS  | STDCLEAN.OBJ | T2      .C   | STRCAT  .OBJ | STRCHR  .OBJ
STRCMP  .OBJ | STRCPY  .OBJ | FCBNAME .NEW | CLEANUP .C   | STRDUP  .OBJ
NOMAIN  .C   | STRICMP .OBJ | FCBNAME .C   | STRFTIME.OBJ | STRISTR .OBJ
C-ORIG  .C   | STRLEN  .OBJ | STRNCAT .OBJ | STRNCMP .OBJ | STRNCPY .OBJ
STRNICMP.OBJ | TESTLTOF.AS  | STRNISTR.OBJ | LISTLIBS.LOG | STRRCHR .OBJ
STRNSTR .OBJ | STRSTR  .OBJ | SWAP    .OBJ | TESTQSRT.C   | LIBSYM  .PAS
HELLO   .MAP | STRTOK  .OBJ | LISTLIBS.SUB | SYS_ERR .OBJ | TEST-OPT.AS3
TIME    .OBJ | MAKELIBC.SU$ | TIMEZONE.OBJ | TESTLTOF.C   | TOLOWER .OBJ
TEST-OPT.AS  | TMP     .C   | TOUPPER .OBJ | UNGETC  .OBJ | UNLINK  .OBJ
WRELOP  .OBJ | WRITE   .OBJ | XTOI    .OBJ | ZCRTCPM .OBJ | ZDRTCPM .OBJ
ZNRTCPM .OBJ | ZRRTCPM .OBJ | HELLO   .C   | TESTBUG .C   | M280LIBC.SUB
GETFCB  .C   | C280LIBC.SUB | HELLOS  .C   | PATCH17B.LBR | OBJDUMP .COM
TESTTRIG.OBJ | TEST    .SUB | MAKES   .LBR | BUILD-C .SUB | TESTBUG .AS 
TESTLTOF.12  | TESTL   .C   | HELLOS  .MAP | TESTL   .COM | ZNRTCPM .AS 
MAKELIBC.SUB | BUILDCRT.SUB | TESTL   .OBJ | ZDRTCPM .AS  | OPTIONS .   
C280OPTS.    | TESTL   .MAP | C       .C   | LIB280C .LIB | STRFTIME.C  
ZD280CPM.AS  | ZRRTCPM .AS  | M280LIBC.BAK | LIBC17  .LIB | SIGNAL  .C  
OPTIMH  .BAK | OPTIMH  .C   | CLOSE-13.C   | CLOSE   .C   | ZCRTCPM .AS 
TESTVER .SUB | OPTIMH-O.C   | BDOS    .AS2 | BDOS    .AS3 | STRDUP  .C  
STRICMP .AS  | STRISTR .C   | STRNICMP.AS  | STRNISTR.C   | STRNSTR .C  
STRSTR  .C   | STRTOK  .C   | GETENV  .C   | 
Drive E: Total 8000k, Used 7584k, Free 416k

Library E10:LIB280C.LBR^G not found.
  To make it, enter the number of entries to allow.
  Press RETURN now to abort making the library.
Allow how many entries: 167
Library E10:LIB280C.LBR open.
(Buffer size: 216 sectors)
Active entries: 1, Deleted: 0, Free: 167, Total: 168.
Adding:    M10:ISLOWER .OBJ
Adding:    M10:ISSPACE .OBJ
Adding:    M10:ISUPPER .OBJ
Adding:    M10:ABORT   .OBJ
Adding:    M10:ABS     .OBJ
Adding:    M10:ALLSH   .OBJ
Adding:    M10:ALRSH   .OBJ
Adding:    M10:ASALLSH .OBJ
Adding:    M10:ASALRSH .OBJ
Adding:    M10:ASAR    .OBJ
Adding:    M10:ASDIV   .OBJ
Adding:    M10:ASLADD  .OBJ
Adding:    M10:ASLAND  .OBJ
Adding:    M10:ASLL    .OBJ
Adding:    M10:ASLLRSH .OBJ
Adding:    M10:ASLMUL  .OBJ
Adding:    M10:ASLOR   .OBJ
Adding:    M10:ASLR    .OBJ
Adding:    M10:ASLSUB  .OBJ
Adding:    M10:ASLXOR  .OBJ
Adding:    M10:ASMOD   .OBJ
Adding:    M10:ASMUL   .OBJ
Adding:    M10:ASSERT  .OBJ
Adding:    M10:ATOI    .OBJ
Adding:    M10:ATOL    .OBJ
Adding:    M10:BDOS    .OBJ
Adding:    M10:BIOS    .OBJ
Adding:    M10:BITFIELD.OBJ
Adding:    M10:BLKCLR  .OBJ
Adding:    M10:BLKCPY  .OBJ
Adding:    M10:BMOVE   .OBJ
Adding:    M10:BRELOP  .OBJ
Adding:    M10:BUF     .OBJ
Adding:    M10:CALLOC  .OBJ
Adding:    M10:CGETS   .OBJ
Adding:    M10:CHMOD   .OBJ
Adding:    M10:CLEANUP .OBJ
Adding:    M10:CLOSE   .OBJ
Adding:    M10:CONVTIME.OBJ
Adding:    M10:CPUTS   .OBJ
Adding:    M10:CREAT   .OBJ
Adding:    M10:CSV     .OBJ
Adding:    M10:CTIME   .OBJ
Adding:    M10:CTYPE_  .OBJ
Adding:    M10:CTYPE   .OBJ
Adding:    M10:DOPRNT  .OBJ
Adding:    M10:DOSCAN  .OBJ
Adding:    M10:DUP     .OBJ
Adding:    M10:EXEC    .OBJ
Adding:    M10:EXECL   .OBJ
Adding:    M10:_EXIT   .OBJ
Adding:    M10:EXIT    .OBJ
Adding:    M10:FAKECLEA.OBJ
Adding:    M10:FAKECPCL.OBJ
Adding:    M10:FCBNAME .OBJ
Adding:    M10:FCLOSE  .OBJ
Adding:    M10:FFLUSH  .OBJ
Adding:    M10:FGETC   .OBJ
Adding:    M10:FILBUF  .OBJ
Adding:    M10:FLSBUF  .OBJ
Adding:    M10:FOPEN   .OBJ
Adding:    M10:FPRINTF .OBJ
Adding:    M10:FPUTC   .OBJ
Adding:    M10:FREAD   .OBJ
Adding:    M10:FRELOP  .OBJ
Adding:    M10:FREOPEN .OBJ
Adding:    M10:FSCANF  .OBJ
Adding:    M10:FSEEK   .OBJ
Adding:    M10:FWRITE  .OBJ
Adding:    M10:GETARGS .OBJ
Adding:    M10:GETCH   .OBJ
Adding:    M10:GETENV  .OBJ
Adding:    M10:GETFCB  .OBJ
Adding:    M10:GETS    .OBJ
Adding:    M10:GETSP   .OBJ
Adding:    M10:GETUID  .OBJ
Adding:    M10:GETW    .OBJ
Adding:    M10:IDIV    .OBJ
Adding:    M10:IMUL    .OBJ
Adding:    M10:INDEX   .OBJ
Adding:    M10:INOUT   .OBJ
Adding:    M10:IREGSET .OBJ
Adding:    M10:ISALPHA .OBJ
Adding:    M10:ISATTY  .OBJ
Adding:    M10:ISDIGIT .OBJ
Adding:    M10:LADD    .OBJ
Adding:    M10:LAND    .OBJ
Adding:    M10:LDIV    .OBJ
Adding:    M10:LINC    .OBJ
Adding:    M10:LLRSH   .OBJ
Adding:    M10:LMUL    .OBJ
Adding:    M10:LONGJMP .OBJ
Adding:    M10:LOR     .OBJ
Adding:    M10:LRELOP  .OBJ
Adding:    M10:LSUB    .OBJ
Adding:    M10:LXOR    .OBJ
Adding:    M10:MALLOC  .OBJ
Adding:    M10:MAX     .OBJ
Adding:    M10:MEMCMP  .OBJ
Adding:    M10:MEMCPY  .OBJ
Adding:    M10:MEMSET  .OBJ
Adding:    M10:MKTIME  .OBJ
Adding:    M10:OPEN    .OBJ
Adding:    M10:PERROR  .OBJ
Adding:    M10:PNUM    .OBJ
Adding:    M10:PRINTF  .OBJ
Adding:    M10:PUTCHAR .OBJ
Adding:    M10:PUTS    .OBJ
Adding:    M10:PUTW    .OBJ
Adding:    M10:QSORT   .OBJ
Adding:    M10:RAND    .OBJ
Adding:    M10:RCSV    .OBJ
Adding:    M10:READ    .OBJ
Adding:    M10:REMOVE  .OBJ
Adding:    M10:RENAME  .OBJ
Adding:    M10:REWIND  .OBJ
Adding:    M10:RINDEX  .OBJ
Adding:    M10:SBRK    .OBJ
Adding:    M10:SCANF   .OBJ
Adding:    M10:SEEK    .OBJ
Adding:    M10:SETBUF  .OBJ
Adding:    M10:SETUP   .OBJ
Adding:    M10:SHAR    .OBJ
Adding:    M10:SHLL    .OBJ
Adding:    M10:SHLR    .OBJ
Adding:    M10:SIGNAL  .OBJ
Adding:    M10:SPRINTF .OBJ
Adding:    M10:SRAND1  .OBJ
Adding:    M10:SRAND   .OBJ
Adding:    M10:SSCANF  .OBJ
Adding:    M10:START1  .OBJ
Adding:    M10:START2  .OBJ
Adding:    M10:STAT    .OBJ
Adding:    M10:STDCLEAN.OBJ
Adding:    M10:STRCAT  .OBJ
Adding:    M10:STRCHR  .OBJ
Adding:    M10:STRCMP  .OBJ
Adding:    M10:STRCPY  .OBJ
Adding:    M10:STRDUP  .OBJ
Adding:    M10:STRFTIME.OBJ
Adding:    M10:STRICMP .OBJ
Adding:    M10:STRISTR .OBJ
Adding:    M10:STRLEN  .OBJ
Adding:    M10:STRNCAT .OBJ
Adding:    M10:STRNCMP .OBJ
Adding:    M10:STRNCPY .OBJ
Adding:    M10:STRNICMP.OBJ
Adding:    M10:STRNISTR.OBJ
Adding:    M10:STRNSTR .OBJ
Adding:    M10:STRRCHR .OBJ
Adding:    M10:STRSTR  .OBJ
Adding:    M10:STRTOK  .OBJ
Adding:    M10:SWAP    .OBJ
Adding:    M10:SYS_ERR .OBJ
Adding:    M10:TIME    .OBJ
Adding:    M10:TIMEZONE.OBJ
Adding:    M10:TOLOWER .OBJ
Adding:    M10:TOUPPER .OBJ
Adding:    M10:UNGETC  .OBJ
Adding:    M10:UNLINK  .OBJ
Adding:    M10:WRELOP  .OBJ
Adding:    M10:WRITE   .OBJ
Adding:    M10:XTOI    .OBJ
Adding:    M10:ZC280CPM.OBJ
Adding:    M10:ZD280CPM.OBJ
Adding:    M10:ZN280CPM.OBJ
Adding:    M10:ZR280CPM.OBJ
Active entries: 168, Deleted: 0, Free: 0, Total: 168.

Closing E10:LIB280C.LBR...


10E>put console to console
A:PUT      COM  (User 0)
