
10D>date
A:DATE     COM  (User 0)
Wed 01/11/2023 14:36:32
10D>;----------  M280LIBF.SUB  ----------
10D>; Assumes DEHUFF -X FLOAT.HUF has extracted
10D>; all sources to the default drive
10D>;------------------------------------
10D>m:
10M>era m:*.obj
ERASE M:*.OBJ (Y/N)? Y
10M>;
10M>c280
A:C280     COM  (User 0)
Hi-Tech Z280 C Compiler (CP/M-80) V3.09-17
Copyright (C) 1984-87 HI-TECH SOFTWARE
Updated from https://github.com/agn453/HI-TECH-Z80-C
c> -v -c -o2 \
c> d:PRINTF.C \
c> d:FPRINTF.C \
c> d:SPRINTF.C \
c> d:SCANF.C \
c> d:FSCANF.C \
c> d:SSCANF.C \
c> d:DOPRNT.C \
c> d:DOSCAN.C \
c> d:ATOF.C \
c> d:FNUM.C \
c> d:FBCD.AS \
c> d:TAN.C \
c> d:ACOS.C \
c> d:ASIN.C \
c> d:ATAN2.C \
c> d:ATAN.C \
c> d:COS.C \
c> d:SIN.C \
c> d:SINH.C \
c> d:COSH.C \
c> d:TANH.C \
c> d:EXP.C \
c> d:LOG.C \
c> d:EVALPOLY.C \
c> d:SQRT.C \
c> d:FREXP.AS \
c> d:FABS.C \
c> d:CEIL.C \
c> d:FLOOR.C \
c> d:FINC.AS \
c> d:ASFLOAT.AS \
c> d:FRNDINT.AS \
c> d:FTOL.AS \
c> d:LTOF.AS \
c> d:FLOAT.AS
D:PRINTF.C
0:A:CPP -DCPM -DHI_TECH_C -Dz80 -DZ280 -I0:A: D:PRINTF.C $CTMP1.$$$
0:A:P1 $CTMP1.$$$ $CTMP2.$$$ $CTMP3.$$$
0:A:CGEN $CTMP2.$$$ $CTMP1.$$$
0:A:OPTIM $CTMP1.$$$ $CTMP2.$$$
0:A:OPTIMH $CTMP2.$$$ $CTMP5.$$$
 5 bytes size optimised away
 6 bytes replaced
0:A:ZAS -J -N -OPRINTF.OBJ $CTMP5.$$$
D:FPRINTF.C
0:A:CPP -DCPM -DHI_TECH_C -Dz80 -DZ280 -I0:A: D:FPRINTF.C $CTMP1.$$$
0:A:P1 $CTMP1.$$$ $CTMP2.$$$ $CTMP3.$$$
0:A:CGEN $CTMP2.$$$ $CTMP1.$$$
0:A:OPTIM $CTMP1.$$$ $CTMP2.$$$
0:A:OPTIMH $CTMP2.$$$ $CTMP5.$$$
 7 bytes size optimised away
 10 bytes replaced
0:A:ZAS -J -N -OFPRINTF.OBJ $CTMP5.$$$
D:SPRINTF.C
0:A:CPP -DCPM -DHI_TECH_C -Dz80 -DZ280 -I0:A: D:SPRINTF.C $CTMP1.$$$
0:A:P1 $CTMP1.$$$ $CTMP2.$$$ $CTMP3.$$$
0:A:CGEN $CTMP2.$$$ $CTMP1.$$$
0:A:OPTIM $CTMP1.$$$ $CTMP2.$$$
0:A:OPTIMH $CTMP2.$$$ $CTMP5.$$$
 10 bytes size optimised away
 16 bytes replaced
0:A:ZAS -J -N -OSPRINTF.OBJ $CTMP5.$$$
D:SCANF.C
0:A:CPP -DCPM -DHI_TECH_C -Dz80 -DZ280 -I0:A: D:SCANF.C $CTMP1.$$$
0:A:P1 $CTMP1.$$$ $CTMP2.$$$ $CTMP3.$$$
0:A:CGEN $CTMP2.$$$ $CTMP1.$$$
0:A:OPTIM $CTMP1.$$$ $CTMP2.$$$
0:A:OPTIMH $CTMP2.$$$ $CTMP5.$$$
 5 bytes size optimised away
 6 bytes replaced
0:A:ZAS -J -N -OSCANF.OBJ $CTMP5.$$$
D:FSCANF.C
0:A:CPP -DCPM -DHI_TECH_C -Dz80 -DZ280 -I0:A: D:FSCANF.C $CTMP1.$$$
0:A:P1 $CTMP1.$$$ $CTMP2.$$$ $CTMP3.$$$
0:A:CGEN $CTMP2.$$$ $CTMP1.$$$
0:A:OPTIM $CTMP1.$$$ $CTMP2.$$$
0:A:OPTIMH $CTMP2.$$$ $CTMP5.$$$
 7 bytes size optimised away
 10 bytes replaced
0:A:ZAS -J -N -OFSCANF.OBJ $CTMP5.$$$
D:SSCANF.C
0:A:CPP -DCPM -DHI_TECH_C -Dz80 -DZ280 -I0:A: D:SSCANF.C $CTMP1.$$$
0:A:P1 $CTMP1.$$$ $CTMP2.$$$ $CTMP3.$$$
0:A:CGEN $CTMP2.$$$ $CTMP1.$$$
0:A:OPTIM $CTMP1.$$$ $CTMP2.$$$
0:A:OPTIMH $CTMP2.$$$ $CTMP5.$$$
 16 bytes size optimised away
 24 bytes replaced
0:A:ZAS -J -N -OSSCANF.OBJ $CTMP5.$$$
D:DOPRNT.C
0:A:CPP -DCPM -DHI_TECH_C -Dz80 -DZ280 -I0:A: D:DOPRNT.C $CTMP1.$$$
0:A:P1 $CTMP1.$$$ $CTMP2.$$$ $CTMP3.$$$
0:A:CGEN $CTMP2.$$$ $CTMP1.$$$
0:A:OPTIM $CTMP1.$$$ $CTMP2.$$$
0:A:OPTIMH $CTMP2.$$$ $CTMP5.$$$
 51 bytes size optimised away
 122 bytes replaced
0:A:ZAS -J -N -ODOPRNT.OBJ $CTMP5.$$$
D:DOSCAN.C
0:A:CPP -DCPM -DHI_TECH_C -Dz80 -DZ280 -I0:A: D:DOSCAN.C $CTMP1.$$$
0:A:P1 $CTMP1.$$$ $CTMP2.$$$ $CTMP3.$$$
0:A:CGEN $CTMP2.$$$ $CTMP1.$$$
0:A:OPTIM $CTMP1.$$$ $CTMP2.$$$
0:A:OPTIMH $CTMP2.$$$ $CTMP5.$$$
 201 bytes size optimised away
 410 bytes replaced
0:A:ZAS -J -N -ODOSCAN.OBJ $CTMP5.$$$
D:ATOF.C
0:A:CPP -DCPM -DHI_TECH_C -Dz80 -DZ280 -I0:A: D:ATOF.C $CTMP1.$$$
0:A:P1 $CTMP1.$$$ $CTMP2.$$$ $CTMP3.$$$
0:A:CGEN $CTMP2.$$$ $CTMP1.$$$
0:A:OPTIM $CTMP1.$$$ $CTMP2.$$$
0:A:OPTIMH $CTMP2.$$$ $CTMP5.$$$
 92 bytes size optimised away
 185 bytes replaced
0:A:ZAS -J -N -OATOF.OBJ $CTMP5.$$$
D:FNUM.C
0:A:CPP -DCPM -DHI_TECH_C -Dz80 -DZ280 -I0:A: D:FNUM.C $CTMP1.$$$
0:A:P1 $CTMP1.$$$ $CTMP2.$$$ $CTMP3.$$$
0:A:CGEN $CTMP2.$$$ $CTMP1.$$$
0:A:OPTIM $CTMP1.$$$ $CTMP2.$$$
0:A:OPTIMH $CTMP2.$$$ $CTMP5.$$$
 187 bytes size optimised away
 420 bytes replaced
0:A:ZAS -J -N -OFNUM.OBJ $CTMP5.$$$
D:FBCD.AS
0:A:OPTIMH D:FBCD.AS $CTMP5.$$$
 5 bytes size optimised away
 10 bytes replaced
0:A:ZAS -J -OFBCD.OBJ $CTMP5.$$$
D:TAN.C
0:A:CPP -DCPM -DHI_TECH_C -Dz80 -DZ280 -I0:A: D:TAN.C $CTMP1.$$$
0:A:P1 $CTMP1.$$$ $CTMP2.$$$ $CTMP3.$$$
0:A:CGEN $CTMP2.$$$ $CTMP1.$$$
0:A:OPTIM $CTMP1.$$$ $CTMP2.$$$
0:A:OPTIMH $CTMP2.$$$ $CTMP5.$$$
 8 bytes size optimised away
 16 bytes replaced
0:A:ZAS -J -N -OTAN.OBJ $CTMP5.$$$
D:ACOS.C
0:A:CPP -DCPM -DHI_TECH_C -Dz80 -DZ280 -I0:A: D:ACOS.C $CTMP1.$$$
0:A:P1 $CTMP1.$$$ $CTMP2.$$$ $CTMP3.$$$
0:A:CGEN $CTMP2.$$$ $CTMP1.$$$
0:A:OPTIM $CTMP1.$$$ $CTMP2.$$$
0:A:OPTIMH $CTMP2.$$$ $CTMP5.$$$
 4 bytes size optimised away
 8 bytes replaced
0:A:ZAS -J -N -OACOS.OBJ $CTMP5.$$$
D:ASIN.C
0:A:CPP -DCPM -DHI_TECH_C -Dz80 -DZ280 -I0:A: D:ASIN.C $CTMP1.$$$
0:A:P1 $CTMP1.$$$ $CTMP2.$$$ $CTMP3.$$$
0:A:CGEN $CTMP2.$$$ $CTMP1.$$$
0:A:OPTIM $CTMP1.$$$ $CTMP2.$$$
0:A:OPTIMH $CTMP2.$$$ $CTMP5.$$$
 40 bytes size optimised away
 80 bytes replaced
0:A:ZAS -J -N -OASIN.OBJ $CTMP5.$$$
D:ATAN2.C
0:A:CPP -DCPM -DHI_TECH_C -Dz80 -DZ280 -I0:A: D:ATAN2.C $CTMP1.$$$
0:A:P1 $CTMP1.$$$ $CTMP2.$$$ $CTMP3.$$$
0:A:CGEN $CTMP2.$$$ $CTMP1.$$$
0:A:OPTIM $CTMP1.$$$ $CTMP2.$$$
0:A:OPTIMH $CTMP2.$$$ $CTMP5.$$$
 45 bytes size optimised away
 108 bytes replaced
0:A:ZAS -J -N -OATAN2.OBJ $CTMP5.$$$
D:ATAN.C
0:A:CPP -DCPM -DHI_TECH_C -Dz80 -DZ280 -I0:A: D:ATAN.C $CTMP1.$$$
0:A:P1 $CTMP1.$$$ $CTMP2.$$$ $CTMP3.$$$
0:A:CGEN $CTMP2.$$$ $CTMP1.$$$
0:A:OPTIM $CTMP1.$$$ $CTMP2.$$$
0:A:OPTIMH $CTMP2.$$$ $CTMP5.$$$
 55 bytes size optimised away
 106 bytes replaced
0:A:ZAS -J -N -OATAN.OBJ $CTMP5.$$$
D:COS.C
0:A:CPP -DCPM -DHI_TECH_C -Dz80 -DZ280 -I0:A: D:COS.C $CTMP1.$$$
0:A:P1 $CTMP1.$$$ $CTMP2.$$$ $CTMP3.$$$
0:A:CGEN $CTMP2.$$$ $CTMP1.$$$
0:A:OPTIM $CTMP1.$$$ $CTMP2.$$$
0:A:OPTIMH $CTMP2.$$$ $CTMP5.$$$
 12 bytes size optimised away
 24 bytes replaced
0:A:ZAS -J -N -OCOS.OBJ $CTMP5.$$$
D:SIN.C
0:A:CPP -DCPM -DHI_TECH_C -Dz80 -DZ280 -I0:A: D:SIN.C $CTMP1.$$$
0:A:P1 $CTMP1.$$$ $CTMP2.$$$ $CTMP3.$$$
0:A:CGEN $CTMP2.$$$ $CTMP1.$$$
0:A:OPTIM $CTMP1.$$$ $CTMP2.$$$
0:A:OPTIMH $CTMP2.$$$ $CTMP5.$$$
 57 bytes size optimised away
 102 bytes replaced
0:A:ZAS -J -N -OSIN.OBJ $CTMP5.$$$
D:SINH.C
0:A:CPP -DCPM -DHI_TECH_C -Dz80 -DZ280 -I0:A: D:SINH.C $CTMP1.$$$
0:A:P1 $CTMP1.$$$ $CTMP2.$$$ $CTMP3.$$$
0:A:CGEN $CTMP2.$$$ $CTMP1.$$$
0:A:OPTIM $CTMP1.$$$ $CTMP2.$$$
0:A:OPTIMH $CTMP2.$$$ $CTMP5.$$$
 16 bytes size optimised away
 32 bytes replaced
0:A:ZAS -J -N -OSINH.OBJ $CTMP5.$$$
D:COSH.C
0:A:CPP -DCPM -DHI_TECH_C -Dz80 -DZ280 -I0:A: D:COSH.C $CTMP1.$$$
0:A:P1 $CTMP1.$$$ $CTMP2.$$$ $CTMP3.$$$
0:A:CGEN $CTMP2.$$$ $CTMP1.$$$
0:A:OPTIM $CTMP1.$$$ $CTMP2.$$$
0:A:OPTIMH $CTMP2.$$$ $CTMP5.$$$
 12 bytes size optimised away
 24 bytes replaced
0:A:ZAS -J -N -OCOSH.OBJ $CTMP5.$$$
D:TANH.C
0:A:CPP -DCPM -DHI_TECH_C -Dz80 -DZ280 -I0:A: D:TANH.C $CTMP1.$$$
0:A:P1 $CTMP1.$$$ $CTMP2.$$$ $CTMP3.$$$
0:A:CGEN $CTMP2.$$$ $CTMP1.$$$
0:A:OPTIM $CTMP1.$$$ $CTMP2.$$$
0:A:OPTIMH $CTMP2.$$$ $CTMP5.$$$
 16 bytes size optimised away
 32 bytes replaced
0:A:ZAS -J -N -OTANH.OBJ $CTMP5.$$$
D:EXP.C
0:A:CPP -DCPM -DHI_TECH_C -Dz80 -DZ280 -I0:A: D:EXP.C $CTMP1.$$$
0:A:P1 $CTMP1.$$$ $CTMP2.$$$ $CTMP3.$$$
0:A:CGEN $CTMP2.$$$ $CTMP1.$$$
0:A:OPTIM $CTMP1.$$$ $CTMP2.$$$
0:A:OPTIMH $CTMP2.$$$ $CTMP5.$$$
 70 bytes size optimised away
 132 bytes replaced
0:A:ZAS -J -N -OEXP.OBJ $CTMP5.$$$
D:LOG.C
0:A:CPP -DCPM -DHI_TECH_C -Dz80 -DZ280 -I0:A: D:LOG.C $CTMP1.$$$
0:A:P1 $CTMP1.$$$ $CTMP2.$$$ $CTMP3.$$$
0:A:CGEN $CTMP2.$$$ $CTMP1.$$$
0:A:OPTIM $CTMP1.$$$ $CTMP2.$$$
0:A:OPTIMH $CTMP2.$$$ $CTMP5.$$$
 27 bytes size optimised away
 60 bytes replaced
0:A:ZAS -J -N -OLOG.OBJ $CTMP5.$$$
D:EVALPOLY.C
0:A:CPP -DCPM -DHI_TECH_C -Dz80 -DZ280 -I0:A: D:EVALPOLY.C $CTMP1.$$$
0:A:P1 $CTMP1.$$$ $CTMP2.$$$ $CTMP3.$$$
0:A:CGEN $CTMP2.$$$ $CTMP1.$$$
0:A:OPTIM $CTMP1.$$$ $CTMP2.$$$
0:A:OPTIMH $CTMP2.$$$ $CTMP5.$$$
 32 bytes size optimised away
 68 bytes replaced
0:A:ZAS -J -N -OEVALPOLY.OBJ $CTMP5.$$$
D:SQRT.C
0:A:CPP -DCPM -DHI_TECH_C -Dz80 -DZ280 -I0:A: D:SQRT.C $CTMP1.$$$
0:A:P1 $CTMP1.$$$ $CTMP2.$$$ $CTMP3.$$$
0:A:CGEN $CTMP2.$$$ $CTMP1.$$$
0:A:OPTIM $CTMP1.$$$ $CTMP2.$$$
0:A:OPTIMH $CTMP2.$$$ $CTMP5.$$$
 95 bytes size optimised away
 186 bytes replaced
0:A:ZAS -J -N -OSQRT.OBJ $CTMP5.$$$
D:FREXP.AS
0:A:OPTIMH D:FREXP.AS $CTMP5.$$$
 4 bytes size optimised away
 8 bytes replaced
0:A:ZAS -J -OFREXP.OBJ $CTMP5.$$$
D:FABS.C
0:A:CPP -DCPM -DHI_TECH_C -Dz80 -DZ280 -I0:A: D:FABS.C $CTMP1.$$$
0:A:P1 $CTMP1.$$$ $CTMP2.$$$ $CTMP3.$$$
0:A:CGEN $CTMP2.$$$ $CTMP1.$$$
0:A:OPTIM $CTMP1.$$$ $CTMP2.$$$
0:A:OPTIMH $CTMP2.$$$ $CTMP5.$$$
 8 bytes size optimised away
 16 bytes replaced
0:A:ZAS -J -N -OFABS.OBJ $CTMP5.$$$
D:CEIL.C
0:A:CPP -DCPM -DHI_TECH_C -Dz80 -DZ280 -I0:A: D:CEIL.C $CTMP1.$$$
0:A:P1 $CTMP1.$$$ $CTMP2.$$$ $CTMP3.$$$
0:A:CGEN $CTMP2.$$$ $CTMP1.$$$
0:A:OPTIM $CTMP1.$$$ $CTMP2.$$$
0:A:OPTIMH $CTMP2.$$$ $CTMP5.$$$
 24 bytes size optimised away
 48 bytes replaced
0:A:ZAS -J -N -OCEIL.OBJ $CTMP5.$$$
D:FLOOR.C
0:A:CPP -DCPM -DHI_TECH_C -Dz80 -DZ280 -I0:A: D:FLOOR.C $CTMP1.$$$
0:A:P1 $CTMP1.$$$ $CTMP2.$$$ $CTMP3.$$$
0:A:CGEN $CTMP2.$$$ $CTMP1.$$$
0:A:OPTIM $CTMP1.$$$ $CTMP2.$$$
0:A:OPTIMH $CTMP2.$$$ $CTMP5.$$$
 20 bytes size optimised away
 40 bytes replaced
0:A:ZAS -J -N -OFLOOR.OBJ $CTMP5.$$$
D:FINC.AS
0:A:OPTIMH D:FINC.AS $CTMP5.$$$
 0 bytes size optimised away
 8 bytes replaced
0:A:ZAS -J -OFINC.OBJ $CTMP5.$$$
D:ASFLOAT.AS
0:A:OPTIMH D:ASFLOAT.AS $CTMP5.$$$
 0 bytes size optimised away
 0 bytes replaced
0:A:ZAS -J -OASFLOAT.OBJ $CTMP5.$$$
D:FRNDINT.AS
0:A:OPTIMH D:FRNDINT.AS $CTMP5.$$$
 0 bytes size optimised away
 0 bytes replaced
0:A:ZAS -J -OFRNDINT.OBJ $CTMP5.$$$
D:FTOL.AS
0:A:OPTIMH D:FTOL.AS $CTMP5.$$$
 0 bytes size optimised away
 0 bytes replaced
0:A:ZAS -J -OFTOL.OBJ $CTMP5.$$$
D:LTOF.AS
0:A:OPTIMH D:LTOF.AS $CTMP5.$$$
 2 bytes size optimised away
 4 bytes replaced
0:A:ZAS -J -OLTOF.OBJ $CTMP5.$$$
D:FLOAT.AS
0:A:OPTIMH D:FLOAT.AS $CTMP5.$$$
 2 bytes size optimised away
 4 bytes replaced
0:A:ZAS -J -OFLOAT.OBJ $CTMP5.$$$
ERA $CTMP1.$$$
ERA $CTMP2.$$$
ERA $CTMP3.$$$
ERA $CTMP5.$$$
ERA $$EXEC.$$$

10M>;
10M>era m:lib280f.lib
No File
10M>;
10M>LIBR
A:LIBR     COM  (User 0)
libr> R m:lib280f.LIB \
libr> PRINTF.OBJ \
libr> FPRINTF.OBJ \
libr> SPRINTF.OBJ \
libr> SCANF.OBJ \
libr> FSCANF.OBJ \
libr> SSCANF.OBJ \
libr> DOPRNT.OBJ \
libr> DOSCAN.OBJ \
libr> ATOF.OBJ \
libr> FNUM.OBJ \
libr> FBCD.OBJ \
libr> TAN.OBJ \
libr> ACOS.OBJ \
libr> ASIN.OBJ \
libr> ATAN2.OBJ \
libr> ATAN.OBJ \
libr> COS.OBJ \
libr> SIN.OBJ \
libr> SINH.OBJ \
libr> COSH.OBJ \
libr> TANH.OBJ \
libr> EXP.OBJ \
libr> LOG.OBJ \
libr> EVALPOLY.OBJ \
libr> SQRT.OBJ \
libr> FREXP.OBJ \
libr> FABS.OBJ \
libr> CEIL.OBJ \
libr> FLOOR.OBJ \
libr> FINC.OBJ \
libr> ASFLOAT.OBJ \
libr> FRNDINT.OBJ \
libr> FTOL.OBJ \
libr> LTOF.OBJ \
libr> FLOAT.OBJ

10M>;
10M>pip d:=m:lib280f.lib
A:PIP      COM  (User 0)

10M>;
10M>dir m:*.obj[fu,length=65535]
A:DIR      COM  (User 0)

Scanning Directory...

Sorting  Directory...

Directory For Drive M:  User 10

    Name     Bytes   Recs   Attributes   Prot      Update          Create    
------------ ------ ------ ------------ ------ --------------  --------------

ACOS     OBJ     4k      3 Dir RW       None   01/11/23 14:40  01/11/23 14:40
ASFLOAT  OBJ     4k      3 Dir RW       None   01/11/23 14:43  01/11/23 14:43
ASIN     OBJ     4k      8 Dir RW       None   01/11/23 14:40  01/11/23 14:40
ATAN     OBJ     4k      8 Dir RW       None   01/11/23 14:41  01/11/23 14:41
ATAN2    OBJ     4k      8 Dir RW       None   01/11/23 14:40  01/11/23 14:40
ATOF     OBJ     4k     10 Dir RW       None   01/11/23 14:39  01/11/23 14:39
CEIL     OBJ     4k      3 Dir RW       None   01/11/23 14:43  01/11/23 14:43
COS      OBJ     4k      5 Dir RW       None   01/11/23 14:41  01/11/23 14:41
COSH     OBJ     4k      3 Dir RW       None   01/11/23 14:41  01/11/23 14:41
DOPRNT   OBJ     4k     20 Dir RW       None   01/11/23 14:38  01/11/23 14:38
DOSCAN   OBJ     4k     31 Dir RW       None   01/11/23 14:38  01/11/23 14:38
EVALPOLY OBJ     4k      3 Dir RW       None   01/11/23 14:42  01/11/23 14:42
EXP      OBJ     4k     13 Dir RW       None   01/11/23 14:42  01/11/23 14:42
FABS     OBJ     4k      3 Dir RW       None   01/11/23 14:43  01/11/23 14:43
FBCD     OBJ     4k      6 Dir RW       None   01/11/23 14:40  01/11/23 14:40
FINC     OBJ     4k      2 Dir RW       None   01/11/23 14:43  01/11/23 14:43
FLOAT    OBJ     4k      9 Dir RW       None   01/11/23 14:43  01/11/23 14:43
FLOOR    OBJ     4k      3 Dir RW       None   01/11/23 14:43  01/11/23 14:43
FNUM     OBJ     4k     29 Dir RW       None   01/11/23 14:40  01/11/23 14:40
FPRINTF  OBJ     4k      2 Dir RW       None   01/11/23 14:36  01/11/23 14:36
FREXP    OBJ     4k      2 Dir RW       None   01/11/23 14:42  01/11/23 14:42
FRNDINT  OBJ     4k      1 Dir RW       None   01/11/23 14:43  01/11/23 14:43
FSCANF   OBJ     4k      2 Dir RW       None   01/11/23 14:37  01/11/23 14:37
FTOL     OBJ     4k      2 Dir RW       None   01/11/23 14:43  01/11/23 14:43
LOG      OBJ     4k      7 Dir RW       None   01/11/23 14:42  01/11/23 14:42
LTOF     OBJ     4k      4 Dir RW       None   01/11/23 14:43  01/11/23 14:43
PRINTF   OBJ     4k      2 Dir RW       None   01/11/23 14:36  01/11/23 14:36
SCANF    OBJ     4k      2 Dir RW       None   01/11/23 14:37  01/11/23 14:37
SIN      OBJ     4k     10 Dir RW       None   01/11/23 14:41  01/11/23 14:41
SINH     OBJ     4k      3 Dir RW       None   01/11/23 14:41  01/11/23 14:41
SPRINTF  OBJ     4k      3 Dir RW       None   01/11/23 14:37  01/11/23 14:37
SQRT     OBJ     4k      9 Dir RW       None   01/11/23 14:42  01/11/23 14:42
SSCANF   OBJ     4k      2 Dir RW       None   01/11/23 14:37  01/11/23 14:37
TAN      OBJ     4k      2 Dir RW       None   01/11/23 14:40  01/11/23 14:40
TANH     OBJ     4k      4 Dir RW       None   01/11/23 14:41  01/11/23 14:41

Total Bytes     =    140k  Total Records =     227  Files Found =   35
Total 1k Blocks =     48   Used/Max Dir Entries For Drive M:   99/ 512

10M>era d:libf2obj.lbr
No File
10M>nulu d:libf2obj.lbr -a m:*.obj -x
A:NULU     COM  (User 0)
^ZNULU 1.52  (07/12/87)
Copyright (C) 1984, 1985 & 1987 by Martin Murray
Bug fixes in version 1.52 by Mick Waters

TYPE -H FOR HELP


SYSIN58 .$$$ | LIBF    .LIB | LIB280F .LIB | PRINTF  .OBJ | FPRINTF .OBJ
SPRINTF .OBJ | SCANF   .OBJ | FSCANF  .OBJ | SSCANF  .OBJ | DOPRNT  .OBJ
DOSCAN  .OBJ | ATOF    .OBJ | FNUM    .OBJ | FBCD    .OBJ | TAN     .OBJ
ACOS    .OBJ | ASIN    .OBJ | ATAN2   .OBJ | ATAN    .OBJ | COS     .OBJ
SIN     .OBJ | SINH    .OBJ | COSH    .OBJ | TANH    .OBJ | EXP     .OBJ
LOG     .OBJ | EVALPOLY.OBJ | SQRT    .OBJ | FREXP   .OBJ | FABS    .OBJ
CEIL    .OBJ | FLOOR   .OBJ | FINC    .OBJ | ASFLOAT .OBJ | FRNDINT .OBJ
FTOL    .OBJ | LTOF    .OBJ | FLOAT   .OBJ | 
Drive M: Total 1520k, Used 208k, Free 1312k

Library D10:LIBF2OBJ.LBR^G not found.
  To make it, enter the number of entries to allow.
  Press RETURN now to abort making the library.
Allow how many entries: 35
Library D10:LIBF2OBJ.LBR open.
(Buffer size: 283 sectors)
Active entries: 1, Deleted: 0, Free: 35, Total: 36.
Adding:    M10:PRINTF  .OBJ
Adding:    M10:FPRINTF .OBJ
Adding:    M10:SPRINTF .OBJ
Adding:    M10:SCANF   .OBJ
Adding:    M10:FSCANF  .OBJ
Adding:    M10:SSCANF  .OBJ
Adding:    M10:DOPRNT  .OBJ
Adding:    M10:DOSCAN  .OBJ
Adding:    M10:ATOF    .OBJ
Adding:    M10:FNUM    .OBJ
Adding:    M10:FBCD    .OBJ
Adding:    M10:TAN     .OBJ
Adding:    M10:ACOS    .OBJ
Adding:    M10:ASIN    .OBJ
Adding:    M10:ATAN2   .OBJ
Adding:    M10:ATAN    .OBJ
Adding:    M10:COS     .OBJ
Adding:    M10:SIN     .OBJ
Adding:    M10:SINH    .OBJ
Adding:    M10:COSH    .OBJ
Adding:    M10:TANH    .OBJ
Adding:    M10:EXP     .OBJ
Adding:    M10:LOG     .OBJ
Adding:    M10:EVALPOLY.OBJ
Adding:    M10:SQRT    .OBJ
Adding:    M10:FREXP   .OBJ
Adding:    M10:FABS    .OBJ
Adding:    M10:CEIL    .OBJ
Adding:    M10:FLOOR   .OBJ
Adding:    M10:FINC    .OBJ
Adding:    M10:ASFLOAT .OBJ
Adding:    M10:FRNDINT .OBJ
Adding:    M10:FTOL    .OBJ
Adding:    M10:LTOF    .OBJ
Adding:    M10:FLOAT   .OBJ
Active entries: 36, Deleted: 0, Free: 0, Total: 36.

Closing D10:LIBF2OBJ.LBR...


10M>d:
10D>;----------  done  ---------- 
10D>put console to console
A:PUT      COM  (User 0)
